<?xml version="1.0" encoding="UTF-8" ?>
<testsuite tests="1" failures="0" name="com.naxu.AppTest" time="0.006" errors="0" skipped="0">
  <properties>
    <property name="java.runtime.name" value="Java(TM) SE Runtime Environment"/>
    <property name="sun.boot.library.path" value="C:\NAXU\Tools\JAVA\jdk1.8.0_202\jre\bin"/>
    <property name="java.vm.version" value="25.202-b08"/>
    <property name="java.vm.vendor" value="Oracle Corporation"/>
    <property name="maven.multiModuleProjectDirectory" value="C:\NAXU\WorkSpace\2022\2022.04.23 - big data\homework\learn_bigdata-master\learn_bigdata-master\Geek_Homework\week2_MapReduce\PhoneTraffic"/>
    <property name="java.vendor.url" value="http://java.oracle.com/"/>
    <property name="path.separator" value=";"/>
    <property name="guice.disable.misplaced.annotation.check" value="true"/>
    <property name="java.vm.name" value="Java HotSpot(TM) 64-Bit Server VM"/>
    <property name="file.encoding.pkg" value="sun.io"/>
    <property name="user.script" value=""/>
    <property name="user.country" value="GB"/>
    <property name="sun.java.launcher" value="SUN_STANDARD"/>
    <property name="sun.os.patch.level" value=""/>
    <property name="java.vm.specification.name" value="Java Virtual Machine Specification"/>
    <property name="user.dir" value="C:\NAXU\WorkSpace\2022\2022.04.23 - big data\homework\learn_bigdata-master\learn_bigdata-master\Geek_Homework\week2_MapReduce\PhoneTraffic"/>
    <property name="java.runtime.version" value="1.8.0_202-b08"/>
    <property name="java.awt.graphicsenv" value="sun.awt.Win32GraphicsEnvironment"/>
    <property name="java.endorsed.dirs" value="C:\NAXU\Tools\JAVA\jdk1.8.0_202\jre\lib\endorsed"/>
    <property name="os.arch" value="amd64"/>
    <property name="java.io.tmpdir" value="C:\Users\naxu\AppData\Local\Temp\"/>
    <property name="line.separator" value="
"/>
    <property name="java.vm.specification.vendor" value="Oracle Corporation"/>
    <property name="user.variant" value=""/>
    <property name="os.name" value="Windows 10"/>
    <property name="classworlds.conf" value="C:\NAXU\WorkSpace\JAVA\.metadata\.plugins\org.eclipse.m2e.launching\launches\m2conf8514203269168070611.tmp"/>
    <property name="sun.jnu.encoding" value="GBK"/>
    <property name="java.library.path" value="C:\NAXU\Tools\JAVA\jdk1.8.0_202\bin;C:\WINDOWS\Sun\Java\bin;C:\WINDOWS\system32;C:\WINDOWS;C:/NAXU/Tools/JAVA/eclipse-2021-5-13/jre/bin/client;C:/NAXU/Tools/JAVA/eclipse-2021-5-13/jre/bin;C:/NAXU/Tools/JAVA/eclipse-2021-5-13/jre/lib/i386;C:\Program Files (x86)\Common Files\Oracle\Java\javapath;C:\WINDOWS\system32;C:\WINDOWS;C:\WINDOWS\System32\Wbem;C:\WINDOWS\System32\WindowsPowerShell\v1.0\;C:\WINDOWS\System32\OpenSSH\;C:\Program Files (x86)\Microsoft Dynamics AX\50\Client\Bin\;C:\Program Files (x86)\Tencent\微信web开发者工具\dll;C:\Program Files\nodejs\;C:\Users\naxu\AppData\Local\Programs\Python\Python310-32\Scripts\;C:\Users\naxu\AppData\Local\Programs\Python\Python310-32\;C:\Users\naxu\AppData\Local\Microsoft\WindowsApps;C:\Program Files\JetBrains\PyCharm Community Edition 2021.3.3\bin;;C:\Users\naxu\AppData\Roaming\npm;C:\NAXU\Tools\JAVA\hadoop-2.8.3.tar\hadoop-2.8.3\bin;C:\NAXU\Tools\JAVA\jdk1.8.0_202\bin;;C:\NAXU\Tools\JAVA\eclipse-2021-5-13;;."/>
    <property name="java.specification.name" value="Java Platform API Specification"/>
    <property name="java.class.version" value="52.0"/>
    <property name="sun.management.compiler" value="HotSpot 64-Bit Tiered Compilers"/>
    <property name="os.version" value="10.0"/>
    <property name="user.home" value="C:\Users\naxu"/>
    <property name="user.timezone" value="Asia/Shanghai"/>
    <property name="java.awt.printerjob" value="sun.awt.windows.WPrinterJob"/>
    <property name="java.specification.version" value="1.8"/>
    <property name="file.encoding" value="GBK"/>
    <property name="user.name" value="NaXu"/>
    <property name="java.class.path" value="/C:/NAXU/Tools/JAVA/eclipse-2021-5-13/plugins/org.eclipse.m2e.maven.runtime_1.7.0.20160603-1931/jars/plexus-classworlds-2.5.2.jar"/>
    <property name="java.vm.specification.version" value="1.8"/>
    <property name="sun.arch.data.model" value="64"/>
    <property name="java.home" value="C:\NAXU\Tools\JAVA\jdk1.8.0_202\jre"/>
    <property name="sun.java.command" value="org.codehaus.plexus.classworlds.launcher.Launcher -B clean package"/>
    <property name="java.specification.vendor" value="Oracle Corporation"/>
    <property name="user.language" value="en"/>
    <property name="awt.toolkit" value="sun.awt.windows.WToolkit"/>
    <property name="java.vm.info" value="mixed mode"/>
    <property name="java.version" value="1.8.0_202"/>
    <property name="java.ext.dirs" value="C:\NAXU\Tools\JAVA\jdk1.8.0_202\jre\lib\ext;C:\WINDOWS\Sun\Java\lib\ext"/>
    <property name="sun.boot.class.path" value="C:\NAXU\Tools\JAVA\jdk1.8.0_202\jre\lib\resources.jar;C:\NAXU\Tools\JAVA\jdk1.8.0_202\jre\lib\rt.jar;C:\NAXU\Tools\JAVA\jdk1.8.0_202\jre\lib\sunrsasign.jar;C:\NAXU\Tools\JAVA\jdk1.8.0_202\jre\lib\jsse.jar;C:\NAXU\Tools\JAVA\jdk1.8.0_202\jre\lib\jce.jar;C:\NAXU\Tools\JAVA\jdk1.8.0_202\jre\lib\charsets.jar;C:\NAXU\Tools\JAVA\jdk1.8.0_202\jre\lib\jfr.jar;C:\NAXU\Tools\JAVA\jdk1.8.0_202\jre\classes"/>
    <property name="java.vendor" value="Oracle Corporation"/>
    <property name="maven.home" value="C:\NAXU\WorkSpace\2022\2022.04.23 - big data\homework\learn_bigdata-master\learn_bigdata-master\Geek_Homework\week2_MapReduce\PhoneTraffic\EMBEDDED"/>
    <property name="file.separator" value="\"/>
    <property name="java.vendor.url.bug" value="http://bugreport.sun.com/bugreport/"/>
    <property name="sun.cpu.endian" value="little"/>
    <property name="sun.io.unicode.encoding" value="UnicodeLittle"/>
    <property name="sun.desktop" value="windows"/>
    <property name="sun.cpu.isalist" value="amd64"/>
  </properties>
  <testcase classname="com.naxu.AppTest" name="testApp" time="0.006"/>
</testsuite>